This is pdfTeX, Version 3.14159265-2.6-1.40.18 (MiKTeX 2.9.6600 64-bit) (preloaded format=pdflatex 2018.2.12)  3 MAY 2019 11:49
entering extended mode
**"./Math Project Year 4.tex"
("Math Project Year 4.tex"
LaTeX2e <2017-04-15>
Babel <3.17> and hyphenation patterns for 75 language(s) loaded.

("C:\Users\Michael Turner\AppData\Local\Programs\MiKTeX 2.9\tex\latex\base\repo
rt.cls"
Document Class: report 2014/09/29 v1.4h Standard LaTeX document class

("C:\Users\Michael Turner\AppData\Local\Programs\MiKTeX 2.9\tex\latex\base\size
12.clo"
File: size12.clo 2014/09/29 v1.4h Standard LaTeX file (size option)
)
\c@part=\count79
\c@chapter=\count80
\c@section=\count81
\c@subsection=\count82
\c@subsubsection=\count83
\c@paragraph=\count84
\c@subparagraph=\count85
\c@figure=\count86
\c@table=\count87
\abovecaptionskip=\skip41
\belowcaptionskip=\skip42
\bibindent=\dimen102
)
("C:\Users\Michael Turner\AppData\Local\Programs\MiKTeX 2.9\tex\latex\amsmath\a
msmath.sty"
Package: amsmath 2017/09/02 v2.17a AMS math features
\@mathmargin=\skip43

For additional information on amsmath, use the `?' option.

("C:\Users\Michael Turner\AppData\Local\Programs\MiKTeX 2.9\tex\latex\amsmath\a
mstext.sty"
Package: amstext 2000/06/29 v2.01 AMS text

("C:\Users\Michael Turner\AppData\Local\Programs\MiKTeX 2.9\tex\latex\amsmath\a
msgen.sty"
File: amsgen.sty 1999/11/30 v2.0 generic functions
\@emptytoks=\toks14
\ex@=\dimen103
))
("C:\Users\Michael Turner\AppData\Local\Programs\MiKTeX 2.9\tex\latex\amsmath\a
msbsy.sty"
Package: amsbsy 1999/11/29 v1.2d Bold Symbols
\pmbraise@=\dimen104
)
("C:\Users\Michael Turner\AppData\Local\Programs\MiKTeX 2.9\tex\latex\amsmath\a
msopn.sty"
Package: amsopn 2016/03/08 v2.02 operator names
)
\inf@bad=\count88
LaTeX Info: Redefining \frac on input line 213.
\uproot@=\count89
\leftroot@=\count90
LaTeX Info: Redefining \overline on input line 375.
\classnum@=\count91
\DOTSCASE@=\count92
LaTeX Info: Redefining \ldots on input line 472.
LaTeX Info: Redefining \dots on input line 475.
LaTeX Info: Redefining \cdots on input line 596.
\Mathstrutbox@=\box26
\strutbox@=\box27
\big@size=\dimen105
LaTeX Font Info:    Redeclaring font encoding OML on input line 712.
LaTeX Font Info:    Redeclaring font encoding OMS on input line 713.
\macc@depth=\count93
\c@MaxMatrixCols=\count94
\dotsspace@=\muskip10
\c@parentequation=\count95
\dspbrk@lvl=\count96
\tag@help=\toks15
\row@=\count97
\column@=\count98
\maxfields@=\count99
\andhelp@=\toks16
\eqnshift@=\dimen106
\alignsep@=\dimen107
\tagshift@=\dimen108
\tagwidth@=\dimen109
\totwidth@=\dimen110
\lineht@=\dimen111
\@envbody=\toks17
\multlinegap=\skip44
\multlinetaggap=\skip45
\mathdisplay@stack=\toks18
LaTeX Info: Redefining \[ on input line 2817.
LaTeX Info: Redefining \] on input line 2818.
)
("C:\Users\Michael Turner\AppData\Local\Programs\MiKTeX 2.9\tex\latex\amsfonts\
amssymb.sty"
Package: amssymb 2013/01/14 v3.01 AMS font symbols

("C:\Users\Michael Turner\AppData\Local\Programs\MiKTeX 2.9\tex\latex\amsfonts\
amsfonts.sty"
Package: amsfonts 2013/01/14 v3.01 Basic AMSFonts support
\symAMSa=\mathgroup4
\symAMSb=\mathgroup5
LaTeX Font Info:    Overwriting math alphabet `\mathfrak' in version `bold'
(Font)                  U/euf/m/n --> U/euf/b/n on input line 106.
))
("C:\Users\Michael Turner\AppData\Local\Programs\MiKTeX 2.9\tex\latex\amscls\am
sthm.sty"
Package: amsthm 2017/10/31 v2.20.4
\thm@style=\toks19
\thm@bodyfont=\toks20
\thm@headfont=\toks21
\thm@notefont=\toks22
\thm@headpunct=\toks23
\thm@preskip=\skip46
\thm@postskip=\skip47
\thm@headsep=\skip48
\dth@everypar=\toks24
)
("C:\Users\Michael Turner\AppData\Local\Programs\MiKTeX 2.9\tex\latex\pgf\basic
layer\pgf.sty"
("C:\Users\Michael Turner\AppData\Local\Programs\MiKTeX 2.9\tex\latex\pgf\utili
ties\pgfrcs.sty"
("C:\Users\Michael Turner\AppData\Local\Programs\MiKTeX 2.9\tex\generic\pgf\uti
lities\pgfutil-common.tex"
\pgfutil@everybye=\toks25
\pgfutil@tempdima=\dimen112
\pgfutil@tempdimb=\dimen113

("C:\Users\Michael Turner\AppData\Local\Programs\MiKTeX 2.9\tex\generic\pgf\uti
lities\pgfutil-common-lists.tex"))
("C:\Users\Michael Turner\AppData\Local\Programs\MiKTeX 2.9\tex\generic\pgf\uti
lities\pgfutil-latex.def"
\pgfutil@abb=\box28

("C:\Users\Michael Turner\AppData\Local\Programs\MiKTeX 2.9\tex\latex\ms\everys
hi.sty"
Package: everyshi 2001/05/15 v3.00 EveryShipout Package (MS)
))
("C:\Users\Michael Turner\AppData\Local\Programs\MiKTeX 2.9\tex\generic\pgf\uti
lities\pgfrcs.code.tex"
Package: pgfrcs 2015/08/07 v3.0.1a (rcs-revision 1.31)
))
Package: pgf 2015/08/07 v3.0.1a (rcs-revision 1.15)

("C:\Users\Michael Turner\AppData\Local\Programs\MiKTeX 2.9\tex\latex\pgf\basic
layer\pgfcore.sty"
("C:\Users\Michael Turner\AppData\Local\Programs\MiKTeX 2.9\tex\latex\graphics\
graphicx.sty"
Package: graphicx 2017/06/01 v1.1a Enhanced LaTeX Graphics (DPC,SPQR)

("C:\Users\Michael Turner\AppData\Local\Programs\MiKTeX 2.9\tex\latex\graphics\
keyval.sty"
Package: keyval 2014/10/28 v1.15 key=value parser (DPC)
\KV@toks@=\toks26
)
("C:\Users\Michael Turner\AppData\Local\Programs\MiKTeX 2.9\tex\latex\graphics\
graphics.sty"
Package: graphics 2017/06/25 v1.2c Standard LaTeX Graphics (DPC,SPQR)

("C:\Users\Michael Turner\AppData\Local\Programs\MiKTeX 2.9\tex\latex\graphics\
trig.sty"
Package: trig 2016/01/03 v1.10 sin cos tan (DPC)
)
("C:\Users\Michael Turner\AppData\Local\Programs\MiKTeX 2.9\tex\latex\graphics-
cfg\graphics.cfg"
File: graphics.cfg 2016/06/04 v1.11 sample graphics configuration
)
Package graphics Info: Driver file: pdftex.def on input line 99.

("C:\Users\Michael Turner\AppData\Local\Programs\MiKTeX 2.9\tex\latex\graphics-
def\pdftex.def"
File: pdftex.def 2018/01/08 v1.0l Graphics/color driver for pdftex
))
\Gin@req@height=\dimen114
\Gin@req@width=\dimen115
)
("C:\Users\Michael Turner\AppData\Local\Programs\MiKTeX 2.9\tex\latex\pgf\syste
mlayer\pgfsys.sty"
("C:\Users\Michael Turner\AppData\Local\Programs\MiKTeX 2.9\tex\generic\pgf\sys
temlayer\pgfsys.code.tex"
Package: pgfsys 2014/07/09 v3.0.1a (rcs-revision 1.48)

("C:\Users\Michael Turner\AppData\Local\Programs\MiKTeX 2.9\tex\generic\pgf\uti
lities\pgfkeys.code.tex"
\pgfkeys@pathtoks=\toks27
\pgfkeys@temptoks=\toks28

("C:\Users\Michael Turner\AppData\Local\Programs\MiKTeX 2.9\tex\generic\pgf\uti
lities\pgfkeysfiltered.code.tex"
\pgfkeys@tmptoks=\toks29
))
\pgf@x=\dimen116
\pgf@y=\dimen117
\pgf@xa=\dimen118
\pgf@ya=\dimen119
\pgf@xb=\dimen120
\pgf@yb=\dimen121
\pgf@xc=\dimen122
\pgf@yc=\dimen123
\w@pgf@writea=\write3
\r@pgf@reada=\read1
\c@pgf@counta=\count100
\c@pgf@countb=\count101
\c@pgf@countc=\count102
\c@pgf@countd=\count103
\t@pgf@toka=\toks30
\t@pgf@tokb=\toks31
\t@pgf@tokc=\toks32

("C:\Users\Michael Turner\AppData\Local\Programs\MiKTeX 2.9\tex\generic\pgf\sys
temlayer\pgf.cfg"
File: pgf.cfg 2008/05/14  (rcs-revision 1.7)
)
Driver file for pgf: pgfsys-pdftex.def

("C:\Users\Michael Turner\AppData\Local\Programs\MiKTeX 2.9\tex\generic\pgf\sys
temlayer\pgfsys-pdftex.def"
File: pgfsys-pdftex.def 2014/10/11  (rcs-revision 1.35)

("C:\Users\Michael Turner\AppData\Local\Programs\MiKTeX 2.9\tex\generic\pgf\sys
temlayer\pgfsys-common-pdf.def"
File: pgfsys-common-pdf.def 2013/10/10  (rcs-revision 1.13)
)))
("C:\Users\Michael Turner\AppData\Local\Programs\MiKTeX 2.9\tex\generic\pgf\sys
temlayer\pgfsyssoftpath.code.tex"
File: pgfsyssoftpath.code.tex 2013/09/09  (rcs-revision 1.9)
\pgfsyssoftpath@smallbuffer@items=\count104
\pgfsyssoftpath@bigbuffer@items=\count105
)
("C:\Users\Michael Turner\AppData\Local\Programs\MiKTeX 2.9\tex\generic\pgf\sys
temlayer\pgfsysprotocol.code.tex"
File: pgfsysprotocol.code.tex 2006/10/16  (rcs-revision 1.4)
))
("C:\Users\Michael Turner\AppData\Local\Programs\MiKTeX 2.9\tex\latex\xcolor\xc
olor.sty"
Package: xcolor 2016/05/11 v2.12 LaTeX color extensions (UK)

("C:\Users\Michael Turner\AppData\Local\Programs\MiKTeX 2.9\tex\latex\graphics-
cfg\color.cfg"
File: color.cfg 2016/01/02 v1.6 sample color configuration
)
Package xcolor Info: Driver file: pdftex.def on input line 225.
Package xcolor Info: Model `cmy' substituted by `cmy0' on input line 1348.
Package xcolor Info: Model `hsb' substituted by `rgb' on input line 1352.
Package xcolor Info: Model `RGB' extended on input line 1364.
Package xcolor Info: Model `HTML' substituted by `rgb' on input line 1366.
Package xcolor Info: Model `Hsb' substituted by `hsb' on input line 1367.
Package xcolor Info: Model `tHsb' substituted by `hsb' on input line 1368.
Package xcolor Info: Model `HSB' substituted by `hsb' on input line 1369.
Package xcolor Info: Model `Gray' substituted by `gray' on input line 1370.
Package xcolor Info: Model `wave' substituted by `hsb' on input line 1371.
)
("C:\Users\Michael Turner\AppData\Local\Programs\MiKTeX 2.9\tex\generic\pgf\bas
iclayer\pgfcore.code.tex"
Package: pgfcore 2010/04/11 v3.0.1a (rcs-revision 1.7)

("C:\Users\Michael Turner\AppData\Local\Programs\MiKTeX 2.9\tex\generic\pgf\mat
h\pgfmath.code.tex"
("C:\Users\Michael Turner\AppData\Local\Programs\MiKTeX 2.9\tex\generic\pgf\mat
h\pgfmathcalc.code.tex"
("C:\Users\Michael Turner\AppData\Local\Programs\MiKTeX 2.9\tex\generic\pgf\mat
h\pgfmathutil.code.tex")
("C:\Users\Michael Turner\AppData\Local\Programs\MiKTeX 2.9\tex\generic\pgf\mat
h\pgfmathparser.code.tex"
\pgfmath@dimen=\dimen124
\pgfmath@count=\count106
\pgfmath@box=\box29
\pgfmath@toks=\toks33
\pgfmath@stack@operand=\toks34
\pgfmath@stack@operation=\toks35
)
("C:\Users\Michael Turner\AppData\Local\Programs\MiKTeX 2.9\tex\generic\pgf\mat
h\pgfmathfunctions.code.tex"
("C:\Users\Michael Turner\AppData\Local\Programs\MiKTeX 2.9\tex\generic\pgf\mat
h\pgfmathfunctions.basic.code.tex")
("C:\Users\Michael Turner\AppData\Local\Programs\MiKTeX 2.9\tex\generic\pgf\mat
h\pgfmathfunctions.trigonometric.code.tex")
("C:\Users\Michael Turner\AppData\Local\Programs\MiKTeX 2.9\tex\generic\pgf\mat
h\pgfmathfunctions.random.code.tex")
("C:\Users\Michael Turner\AppData\Local\Programs\MiKTeX 2.9\tex\generic\pgf\mat
h\pgfmathfunctions.comparison.code.tex")
("C:\Users\Michael Turner\AppData\Local\Programs\MiKTeX 2.9\tex\generic\pgf\mat
h\pgfmathfunctions.base.code.tex")
("C:\Users\Michael Turner\AppData\Local\Programs\MiKTeX 2.9\tex\generic\pgf\mat
h\pgfmathfunctions.round.code.tex")
("C:\Users\Michael Turner\AppData\Local\Programs\MiKTeX 2.9\tex\generic\pgf\mat
h\pgfmathfunctions.misc.code.tex")
("C:\Users\Michael Turner\AppData\Local\Programs\MiKTeX 2.9\tex\generic\pgf\mat
h\pgfmathfunctions.integerarithmetics.code.tex")))
("C:\Users\Michael Turner\AppData\Local\Programs\MiKTeX 2.9\tex\generic\pgf\mat
h\pgfmathfloat.code.tex"
\c@pgfmathroundto@lastzeros=\count107
))
("C:\Users\Michael Turner\AppData\Local\Programs\MiKTeX 2.9\tex\generic\pgf\bas
iclayer\pgfcorepoints.code.tex"
File: pgfcorepoints.code.tex 2013/10/07  (rcs-revision 1.27)
\pgf@picminx=\dimen125
\pgf@picmaxx=\dimen126
\pgf@picminy=\dimen127
\pgf@picmaxy=\dimen128
\pgf@pathminx=\dimen129
\pgf@pathmaxx=\dimen130
\pgf@pathminy=\dimen131
\pgf@pathmaxy=\dimen132
\pgf@xx=\dimen133
\pgf@xy=\dimen134
\pgf@yx=\dimen135
\pgf@yy=\dimen136
\pgf@zx=\dimen137
\pgf@zy=\dimen138
)
("C:\Users\Michael Turner\AppData\Local\Programs\MiKTeX 2.9\tex\generic\pgf\bas
iclayer\pgfcorepathconstruct.code.tex"
File: pgfcorepathconstruct.code.tex 2013/10/07  (rcs-revision 1.29)
\pgf@path@lastx=\dimen139
\pgf@path@lasty=\dimen140
)
("C:\Users\Michael Turner\AppData\Local\Programs\MiKTeX 2.9\tex\generic\pgf\bas
iclayer\pgfcorepathusage.code.tex"
File: pgfcorepathusage.code.tex 2014/11/02  (rcs-revision 1.24)
\pgf@shorten@end@additional=\dimen141
\pgf@shorten@start@additional=\dimen142
)
("C:\Users\Michael Turner\AppData\Local\Programs\MiKTeX 2.9\tex\generic\pgf\bas
iclayer\pgfcorescopes.code.tex"
File: pgfcorescopes.code.tex 2015/05/08  (rcs-revision 1.46)
\pgfpic=\box30
\pgf@hbox=\box31
\pgf@layerbox@main=\box32
\pgf@picture@serial@count=\count108
)
("C:\Users\Michael Turner\AppData\Local\Programs\MiKTeX 2.9\tex\generic\pgf\bas
iclayer\pgfcoregraphicstate.code.tex"
File: pgfcoregraphicstate.code.tex 2014/11/02  (rcs-revision 1.12)
\pgflinewidth=\dimen143
)
("C:\Users\Michael Turner\AppData\Local\Programs\MiKTeX 2.9\tex\generic\pgf\bas
iclayer\pgfcoretransformations.code.tex"
File: pgfcoretransformations.code.tex 2015/08/07  (rcs-revision 1.20)
\pgf@pt@x=\dimen144
\pgf@pt@y=\dimen145
\pgf@pt@temp=\dimen146
)
("C:\Users\Michael Turner\AppData\Local\Programs\MiKTeX 2.9\tex\generic\pgf\bas
iclayer\pgfcorequick.code.tex"
File: pgfcorequick.code.tex 2008/10/09  (rcs-revision 1.3)
)
("C:\Users\Michael Turner\AppData\Local\Programs\MiKTeX 2.9\tex\generic\pgf\bas
iclayer\pgfcoreobjects.code.tex"
File: pgfcoreobjects.code.tex 2006/10/11  (rcs-revision 1.2)
)
("C:\Users\Michael Turner\AppData\Local\Programs\MiKTeX 2.9\tex\generic\pgf\bas
iclayer\pgfcorepathprocessing.code.tex"
File: pgfcorepathprocessing.code.tex 2013/09/09  (rcs-revision 1.9)
)
("C:\Users\Michael Turner\AppData\Local\Programs\MiKTeX 2.9\tex\generic\pgf\bas
iclayer\pgfcorearrows.code.tex"
File: pgfcorearrows.code.tex 2015/05/14  (rcs-revision 1.43)
\pgfarrowsep=\dimen147
)
("C:\Users\Michael Turner\AppData\Local\Programs\MiKTeX 2.9\tex\generic\pgf\bas
iclayer\pgfcoreshade.code.tex"
File: pgfcoreshade.code.tex 2013/07/15  (rcs-revision 1.15)
\pgf@max=\dimen148
\pgf@sys@shading@range@num=\count109
)
("C:\Users\Michael Turner\AppData\Local\Programs\MiKTeX 2.9\tex\generic\pgf\bas
iclayer\pgfcoreimage.code.tex"
File: pgfcoreimage.code.tex 2013/07/15  (rcs-revision 1.18)

("C:\Users\Michael Turner\AppData\Local\Programs\MiKTeX 2.9\tex\generic\pgf\bas
iclayer\pgfcoreexternal.code.tex"
File: pgfcoreexternal.code.tex 2014/07/09  (rcs-revision 1.21)
\pgfexternal@startupbox=\box33
))
("C:\Users\Michael Turner\AppData\Local\Programs\MiKTeX 2.9\tex\generic\pgf\bas
iclayer\pgfcorelayers.code.tex"
File: pgfcorelayers.code.tex 2013/07/18  (rcs-revision 1.7)
)
("C:\Users\Michael Turner\AppData\Local\Programs\MiKTeX 2.9\tex\generic\pgf\bas
iclayer\pgfcoretransparency.code.tex"
File: pgfcoretransparency.code.tex 2013/09/30  (rcs-revision 1.5)
)
("C:\Users\Michael Turner\AppData\Local\Programs\MiKTeX 2.9\tex\generic\pgf\bas
iclayer\pgfcorepatterns.code.tex"
File: pgfcorepatterns.code.tex 2013/11/07  (rcs-revision 1.5)
)))
("C:\Users\Michael Turner\AppData\Local\Programs\MiKTeX 2.9\tex\generic\pgf\mod
ules\pgfmoduleshapes.code.tex"
File: pgfmoduleshapes.code.tex 2014/03/21  (rcs-revision 1.35)
\pgfnodeparttextbox=\box34
)
("C:\Users\Michael Turner\AppData\Local\Programs\MiKTeX 2.9\tex\generic\pgf\mod
ules\pgfmoduleplot.code.tex"
File: pgfmoduleplot.code.tex 2015/08/03  (rcs-revision 1.13)
)
("C:\Users\Michael Turner\AppData\Local\Programs\MiKTeX 2.9\tex\latex\pgf\compa
tibility\pgfcomp-version-0-65.sty"
Package: pgfcomp-version-0-65 2007/07/03 v3.0.1a (rcs-revision 1.7)
\pgf@nodesepstart=\dimen149
\pgf@nodesepend=\dimen150
)
("C:\Users\Michael Turner\AppData\Local\Programs\MiKTeX 2.9\tex\latex\pgf\compa
tibility\pgfcomp-version-1-18.sty"
Package: pgfcomp-version-1-18 2007/07/23 v3.0.1a (rcs-revision 1.1)
))
("C:\Users\Michael Turner\AppData\Local\Programs\MiKTeX 2.9\tex\latex\pgf\front
endlayer\tikz.sty"
("C:\Users\Michael Turner\AppData\Local\Programs\MiKTeX 2.9\tex\latex\pgf\utili
ties\pgffor.sty"
("C:\Users\Michael Turner\AppData\Local\Programs\MiKTeX 2.9\tex\latex\pgf\utili
ties\pgfkeys.sty"
("C:\Users\Michael Turner\AppData\Local\Programs\MiKTeX 2.9\tex\generic\pgf\uti
lities\pgfkeys.code.tex"))
("C:\Users\Michael Turner\AppData\Local\Programs\MiKTeX 2.9\tex\latex\pgf\math\
pgfmath.sty"
("C:\Users\Michael Turner\AppData\Local\Programs\MiKTeX 2.9\tex\generic\pgf\mat
h\pgfmath.code.tex"))
("C:\Users\Michael Turner\AppData\Local\Programs\MiKTeX 2.9\tex\generic\pgf\uti
lities\pgffor.code.tex"
Package: pgffor 2013/12/13 v3.0.1a (rcs-revision 1.25)

("C:\Users\Michael Turner\AppData\Local\Programs\MiKTeX 2.9\tex\generic\pgf\mat
h\pgfmath.code.tex")
\pgffor@iter=\dimen151
\pgffor@skip=\dimen152
\pgffor@stack=\toks36
\pgffor@toks=\toks37
))
("C:\Users\Michael Turner\AppData\Local\Programs\MiKTeX 2.9\tex\generic\pgf\fro
ntendlayer\tikz\tikz.code.tex"
Package: tikz 2015/08/07 v3.0.1a (rcs-revision 1.151)

("C:\Users\Michael Turner\AppData\Local\Programs\MiKTeX 2.9\tex\generic\pgf\lib
raries\pgflibraryplothandlers.code.tex"
File: pgflibraryplothandlers.code.tex 2013/08/31 v3.0.1a (rcs-revision 1.20)
\pgf@plot@mark@count=\count110
\pgfplotmarksize=\dimen153
)
\tikz@lastx=\dimen154
\tikz@lasty=\dimen155
\tikz@lastxsaved=\dimen156
\tikz@lastysaved=\dimen157
\tikzleveldistance=\dimen158
\tikzsiblingdistance=\dimen159
\tikz@figbox=\box35
\tikz@figbox@bg=\box36
\tikz@tempbox=\box37
\tikz@tempbox@bg=\box38
\tikztreelevel=\count111
\tikznumberofchildren=\count112
\tikznumberofcurrentchild=\count113
\tikz@fig@count=\count114

("C:\Users\Michael Turner\AppData\Local\Programs\MiKTeX 2.9\tex\generic\pgf\mod
ules\pgfmodulematrix.code.tex"
File: pgfmodulematrix.code.tex 2013/09/17  (rcs-revision 1.8)
\pgfmatrixcurrentrow=\count115
\pgfmatrixcurrentcolumn=\count116
\pgf@matrix@numberofcolumns=\count117
)
\tikz@expandcount=\count118

("C:\Users\Michael Turner\AppData\Local\Programs\MiKTeX 2.9\tex\generic\pgf\fro
ntendlayer\tikz\libraries\tikzlibrarytopaths.code.tex"
File: tikzlibrarytopaths.code.tex 2008/06/17 v3.0.1a (rcs-revision 1.2)
)))
("C:\Users\Michael Turner\AppData\Local\Programs\MiKTeX 2.9\tex\latex\microtype
\microtype.sty"
Package: microtype 2018/01/14 v2.7a Micro-typographical refinements (RS)
\MT@toks=\toks38
\MT@count=\count119
LaTeX Info: Redefining \textls on input line 793.
\MT@outer@kern=\dimen160
LaTeX Info: Redefining \textmicrotypecontext on input line 1339.
\MT@listname@count=\count120

("C:\Users\Michael Turner\AppData\Local\Programs\MiKTeX 2.9\tex\latex\microtype
\microtype-pdftex.def"
File: microtype-pdftex.def 2018/01/14 v2.7a Definitions specific to pdftex (RS)

LaTeX Info: Redefining \lsstyle on input line 913.
LaTeX Info: Redefining \lslig on input line 913.
\MT@outer@space=\skip49
)
Package microtype Info: Loading configuration file microtype.cfg.

("C:\Users\Michael Turner\AppData\Local\Programs\MiKTeX 2.9\tex\latex\microtype
\microtype.cfg"
File: microtype.cfg 2018/01/14 v2.7a microtype main configuration file (RS)
))
("C:\Users\Michael Turner\AppData\Local\Programs\MiKTeX 2.9\tex\latex\hyperref\
hyperref.sty"
Package: hyperref 2018/02/06 v6.86b Hypertext links for LaTeX

("C:\Users\Michael Turner\AppData\Local\Programs\MiKTeX 2.9\tex\generic\oberdie
k\hobsub-hyperref.sty"
Package: hobsub-hyperref 2016/05/16 v1.14 Bundle oberdiek, subset hyperref (HO)


("C:\Users\Michael Turner\AppData\Local\Programs\MiKTeX 2.9\tex\generic\oberdie
k\hobsub-generic.sty"
Package: hobsub-generic 2016/05/16 v1.14 Bundle oberdiek, subset generic (HO)
Package: hobsub 2016/05/16 v1.14 Construct package bundles (HO)
Package: infwarerr 2016/05/16 v1.4 Providing info/warning/error messages (HO)
Package: ltxcmds 2016/05/16 v1.23 LaTeX kernel commands for general use (HO)
Package: ifluatex 2016/05/16 v1.4 Provides the ifluatex switch (HO)
Package ifluatex Info: LuaTeX not detected.
Package: ifvtex 2016/05/16 v1.6 Detect VTeX and its facilities (HO)
Package ifvtex Info: VTeX not detected.
Package: intcalc 2016/05/16 v1.2 Expandable calculations with integers (HO)
Package: ifpdf 2017/03/15 v3.2 Provides the ifpdf switch
Package: etexcmds 2016/05/16 v1.6 Avoid name clashes with e-TeX commands (HO)
Package etexcmds Info: Could not find \expanded.
(etexcmds)             That can mean that you are not using pdfTeX 1.50 or
(etexcmds)             that some package has redefined \expanded.
(etexcmds)             In the latter case, load this package earlier.
Package: kvsetkeys 2016/05/16 v1.17 Key value parser (HO)
Package: kvdefinekeys 2016/05/16 v1.4 Define keys (HO)
Package: pdftexcmds 2018/01/21 v0.26 Utility functions of pdfTeX for LuaTeX (HO
)
Package pdftexcmds Info: LuaTeX not detected.
Package pdftexcmds Info: \pdf@primitive is available.
Package pdftexcmds Info: \pdf@ifprimitive is available.
Package pdftexcmds Info: \pdfdraftmode found.
Package: pdfescape 2016/05/16 v1.14 Implements pdfTeX's escape features (HO)
Package: bigintcalc 2016/05/16 v1.4 Expandable calculations on big integers (HO
)
Package: bitset 2016/05/16 v1.2 Handle bit-vector datatype (HO)
Package: uniquecounter 2016/05/16 v1.3 Provide unlimited unique counter (HO)
)
Package hobsub Info: Skipping package `hobsub' (already loaded).
Package: letltxmacro 2016/05/16 v1.5 Let assignment for LaTeX macros (HO)
Package: hopatch 2016/05/16 v1.3 Wrapper for package hooks (HO)
Package: xcolor-patch 2016/05/16 xcolor patch
Package: atveryend 2016/05/16 v1.9 Hooks at the very end of document (HO)
Package atveryend Info: \enddocument detected (standard20110627).
Package: atbegshi 2016/06/09 v1.18 At begin shipout hook (HO)
Package: refcount 2016/05/16 v3.5 Data extraction from label references (HO)
Package: hycolor 2016/05/16 v1.8 Color options for hyperref/bookmark (HO)
)
("C:\Users\Michael Turner\AppData\Local\Programs\MiKTeX 2.9\tex\generic\ifxetex
\ifxetex.sty"
Package: ifxetex 2010/09/12 v0.6 Provides ifxetex conditional
)
("C:\Users\Michael Turner\AppData\Local\Programs\MiKTeX 2.9\tex\latex\oberdiek\
auxhook.sty"
Package: auxhook 2016/05/16 v1.4 Hooks for auxiliary files (HO)
)
("C:\Users\Michael Turner\AppData\Local\Programs\MiKTeX 2.9\tex\latex\oberdiek\
kvoptions.sty"
Package: kvoptions 2016/05/16 v3.12 Key value format for package options (HO)
)
\@linkdim=\dimen161
\Hy@linkcounter=\count121
\Hy@pagecounter=\count122

("C:\Users\Michael Turner\AppData\Local\Programs\MiKTeX 2.9\tex\latex\hyperref\
pd1enc.def"
File: pd1enc.def 2018/02/06 v6.86b Hyperref: PDFDocEncoding definition (HO)
)
\Hy@SavedSpaceFactor=\count123

("C:\Users\Michael Turner\AppData\Local\Programs\MiKTeX 2.9\tex\latex\00miktex\
hyperref.cfg"
File: hyperref.cfg 2002/06/06 v1.2 hyperref configuration of TeXLive
)
Package hyperref Info: Hyper figures OFF on input line 4509.
Package hyperref Info: Link nesting OFF on input line 4514.
Package hyperref Info: Hyper index ON on input line 4517.
Package hyperref Info: Plain pages OFF on input line 4524.
Package hyperref Info: Backreferencing OFF on input line 4529.
Package hyperref Info: Implicit mode ON; LaTeX internals redefined.
Package hyperref Info: Bookmarks ON on input line 4762.
\c@Hy@tempcnt=\count124

("C:\Users\Michael Turner\AppData\Local\Programs\MiKTeX 2.9\tex\latex\url\url.s
ty"
\Urlmuskip=\muskip11
Package: url 2013/09/16  ver 3.4  Verb mode for urls, etc.
)
LaTeX Info: Redefining \url on input line 5115.
\XeTeXLinkMargin=\dimen162
\Fld@menulength=\count125
\Field@Width=\dimen163
\Fld@charsize=\dimen164
Package hyperref Info: Hyper figures OFF on input line 6369.
Package hyperref Info: Link nesting OFF on input line 6374.
Package hyperref Info: Hyper index ON on input line 6377.
Package hyperref Info: backreferencing OFF on input line 6384.
Package hyperref Info: Link coloring OFF on input line 6389.
Package hyperref Info: Link coloring with OCG OFF on input line 6394.
Package hyperref Info: PDF/A mode OFF on input line 6399.
LaTeX Info: Redefining \ref on input line 6439.
LaTeX Info: Redefining \pageref on input line 6443.
\Hy@abspage=\count126
\c@Item=\count127
\c@Hfootnote=\count128
)
Package hyperref Info: Driver (autodetected): hpdftex.

("C:\Users\Michael Turner\AppData\Local\Programs\MiKTeX 2.9\tex\latex\hyperref\
hpdftex.def"
File: hpdftex.def 2018/02/06 v6.86b Hyperref driver for pdfTeX
\Fld@listcount=\count129
\c@bookmark@seq@number=\count130

("C:\Users\Michael Turner\AppData\Local\Programs\MiKTeX 2.9\tex\latex\oberdiek\
rerunfilecheck.sty"
Package: rerunfilecheck 2016/05/16 v1.8 Rerun checks for auxiliary files (HO)
Package uniquecounter Info: New unique counter `rerunfilecheck' on input line 2
82.
)
\Hy@SectionHShift=\skip50
)
("C:\Users\Michael Turner\AppData\Local\Programs\MiKTeX 2.9\tex\generic\pgf\fro
ntendlayer\tikz\libraries\tikzlibrarypositioning.code.tex"
File: tikzlibrarypositioning.code.tex 2008/10/06 v3.0.1a (rcs-revision 1.7)
)
("C:\Users\Michael Turner\AppData\Local\Programs\MiKTeX 2.9\tex\generic\pgf\fro
ntendlayer\tikz\libraries\tikzlibraryshapes.code.tex"
File: tikzlibraryshapes.code.tex 2008/01/09 v3.0.1a (rcs-revision 1.1)

("C:\Users\Michael Turner\AppData\Local\Programs\MiKTeX 2.9\tex\generic\pgf\fro
ntendlayer\tikz\libraries\tikzlibraryshapes.geometric.code.tex"
File: tikzlibraryshapes.geometric.code.tex 2008/01/09 v3.0.1a (rcs-revision 1.1
)

("C:\Users\Michael Turner\AppData\Local\Programs\MiKTeX 2.9\tex\generic\pgf\lib
raries\shapes\pgflibraryshapes.geometric.code.tex"
File: pgflibraryshapes.geometric.code.tex 2008/06/26 v3.0.1a (rcs-revision 1.1)

))
("C:\Users\Michael Turner\AppData\Local\Programs\MiKTeX 2.9\tex\generic\pgf\fro
ntendlayer\tikz\libraries\tikzlibraryshapes.misc.code.tex"
File: tikzlibraryshapes.misc.code.tex 2008/01/09 v3.0.1a (rcs-revision 1.1)

("C:\Users\Michael Turner\AppData\Local\Programs\MiKTeX 2.9\tex\generic\pgf\lib
raries\shapes\pgflibraryshapes.misc.code.tex"
File: pgflibraryshapes.misc.code.tex 2013/07/18 v3.0.1a (rcs-revision 1.5)
))
("C:\Users\Michael Turner\AppData\Local\Programs\MiKTeX 2.9\tex\generic\pgf\fro
ntendlayer\tikz\libraries\tikzlibraryshapes.symbols.code.tex"
File: tikzlibraryshapes.symbols.code.tex 2008/01/09 v3.0.1a (rcs-revision 1.1)

("C:\Users\Michael Turner\AppData\Local\Programs\MiKTeX 2.9\tex\generic\pgf\lib
raries\shapes\pgflibraryshapes.symbols.code.tex"
File: pgflibraryshapes.symbols.code.tex 2013/09/11 v3.0.1a (rcs-revision 1.6)
))
("C:\Users\Michael Turner\AppData\Local\Programs\MiKTeX 2.9\tex\generic\pgf\fro
ntendlayer\tikz\libraries\tikzlibraryshapes.arrows.code.tex"
File: tikzlibraryshapes.arrows.code.tex 2008/01/09 v3.0.1a (rcs-revision 1.1)

("C:\Users\Michael Turner\AppData\Local\Programs\MiKTeX 2.9\tex\generic\pgf\lib
raries\shapes\pgflibraryshapes.arrows.code.tex"
File: pgflibraryshapes.arrows.code.tex 2008/06/26 v3.0.1a (rcs-revision 1.1)
))
("C:\Users\Michael Turner\AppData\Local\Programs\MiKTeX 2.9\tex\generic\pgf\fro
ntendlayer\tikz\libraries\tikzlibraryshapes.callouts.code.tex"
("C:\Users\Michael Turner\AppData\Local\Programs\MiKTeX 2.9\tex\generic\pgf\lib
raries\shapes\pgflibraryshapes.callouts.code.tex"))
("C:\Users\Michael Turner\AppData\Local\Programs\MiKTeX 2.9\tex\generic\pgf\fro
ntendlayer\tikz\libraries\tikzlibraryshapes.multipart.code.tex"
File: tikzlibraryshapes.multipart.code.tex 2008/01/09 v3.0.1a (rcs-revision 1.1
)

("C:\Users\Michael Turner\AppData\Local\Programs\MiKTeX 2.9\tex\generic\pgf\lib
raries\shapes\pgflibraryshapes.multipart.code.tex"
File: pgflibraryshapes.multipart.code.tex 2010/01/07 v3.0.1a (rcs-revision 1.2)

\pgfnodepartlowerbox=\box39
\pgfnodeparttwobox=\box40
\pgfnodepartthreebox=\box41
\pgfnodepartfourbox=\box42
\pgfnodeparttwentybox=\box43
\pgfnodepartnineteenbox=\box44
\pgfnodeparteighteenbox=\box45
\pgfnodepartseventeenbox=\box46
\pgfnodepartsixteenbox=\box47
\pgfnodepartfifteenbox=\box48
\pgfnodepartfourteenbox=\box49
\pgfnodepartthirteenbox=\box50
\pgfnodeparttwelvebox=\box51
\pgfnodepartelevenbox=\box52
\pgfnodeparttenbox=\box53
\pgfnodepartninebox=\box54
\pgfnodeparteightbox=\box55
\pgfnodepartsevenbox=\box56
\pgfnodepartsixbox=\box57
\pgfnodepartfivebox=\box58
)))
("C:\Users\Michael Turner\AppData\Local\Programs\MiKTeX 2.9\tex\generic\pgf\fro
ntendlayer\tikz\libraries\tikzlibraryarrows.code.tex"
File: tikzlibraryarrows.code.tex 2008/01/09 v3.0.1a (rcs-revision 1.1)

("C:\Users\Michael Turner\AppData\Local\Programs\MiKTeX 2.9\tex\generic\pgf\lib
raries\pgflibraryarrows.code.tex"
File: pgflibraryarrows.code.tex 2013/09/23 v3.0.1a (rcs-revision 1.16)
\arrowsize=\dimen165
))
("C:\Users\Michael Turner\AppData\Local\Programs\MiKTeX 2.9\tex\latex\fancyhdr\
fancyhdr.sty"
Package: fancyhdr 2017/06/30 v3.9a Extensive control of page headers and footer
s
\f@nch@headwidth=\skip51
\f@nch@O@elh=\skip52
\f@nch@O@erh=\skip53
\f@nch@O@olh=\skip54
\f@nch@O@orh=\skip55
\f@nch@O@elf=\skip56
\f@nch@O@erf=\skip57
\f@nch@O@olf=\skip58
\f@nch@O@orf=\skip59
)
("C:\Users\Michael Turner\AppData\Local\Programs\MiKTeX 2.9\tex\latex\appendix\
appendix.sty"
Package: appendix 2009/09/02 v1.2b extra appendix facilities
\c@@pps=\count131
\c@@ppsavesec=\count132
\c@@ppsaveapp=\count133
)
("C:\Users\Michael Turner\AppData\Local\Programs\MiKTeX 2.9\tex\latex\tools\bm.
sty"
Package: bm 2017/01/16 v1.2c Bold Symbol Support (DPC/FMi)
\symboldoperators=\mathgroup6
\symboldletters=\mathgroup7
\symboldsymbols=\mathgroup8
LaTeX Font Info:    Redeclaring math alphabet \mathbf on input line 141.
LaTeX Info: Redefining \bm on input line 207.
)
("C:\Users\Michael Turner\AppData\Local\Programs\MiKTeX 2.9\tex\latex\tools\dco
lumn.sty"
Package: dcolumn 2014/10/28 v1.06 decimal alignment package (DPC)

("C:\Users\Michael Turner\AppData\Local\Programs\MiKTeX 2.9\tex\latex\tools\arr
ay.sty"
Package: array 2016/10/06 v2.4d Tabular extension package (FMi)
\col@sep=\dimen166
\extrarowheight=\dimen167
\NC@list=\toks39
\extratabsurround=\skip60
\backup@length=\skip61
))
("C:\Users\Michael Turner\AppData\Local\Programs\MiKTeX 2.9\tex\latex\booktabs\
booktabs.sty"
Package: booktabs 2005/04/14 v1.61803 publication quality tables
\heavyrulewidth=\dimen168
\lightrulewidth=\dimen169
\cmidrulewidth=\dimen170
\belowrulesep=\dimen171
\belowbottomsep=\dimen172
\aboverulesep=\dimen173
\abovetopsep=\dimen174
\cmidrulesep=\dimen175
\cmidrulekern=\dimen176
\defaultaddspace=\dimen177
\@cmidla=\count134
\@cmidlb=\count135
\@aboverulesep=\dimen178
\@belowrulesep=\dimen179
\@thisruleclass=\count136
\@lastruleclass=\count137
\@thisrulewidth=\dimen180
)
("C:\Users\Michael Turner\AppData\Local\Programs\MiKTeX 2.9\tex\latex\caption\c
aption.sty"
Package: caption 2016/02/21 v3.3-144 Customizing captions (AR)

("C:\Users\Michael Turner\AppData\Local\Programs\MiKTeX 2.9\tex\latex\caption\c
aption3.sty"
Package: caption3 2016/05/22 v1.7-166 caption3 kernel (AR)
Package caption3 Info: TeX engine: e-TeX on input line 67.
\captionmargin=\dimen181
\captionmargin@=\dimen182
\captionwidth=\dimen183
\caption@tempdima=\dimen184
\caption@indent=\dimen185
\caption@parindent=\dimen186
\caption@hangindent=\dimen187
)
\c@ContinuedFloat=\count138
Package caption Info: hyperref package is loaded.
)
("C:\Users\Michael Turner\AppData\Local\Programs\MiKTeX 2.9\tex\latex\caption\s
ubcaption.sty"
Package: subcaption 2016/05/22 v1.1-161 Sub-captions (AR)
\c@subfigure=\count139
\c@subtable=\count140
)
("C:\Users\Michael Turner\AppData\Local\Programs\MiKTeX 2.9\tex\latex\float\flo
at.sty"
Package: float 2001/11/08 v1.3d Float enhancements (AL)
\c@float@type=\count141
\float@exts=\toks40
\float@box=\box59
\@float@everytoks=\toks41
\@floatcapt=\box60
)
("C:\Users\Michael Turner\AppData\Local\Programs\MiKTeX 2.9\tex\latex\ltxmisc\p
arskip.sty"
Package: parskip 2001/04/09 non-zero parskip adjustments
)
("C:\Users\Michael Turner\AppData\Local\Programs\MiKTeX 2.9\tex\latex\listings\
listings.sty"
\lst@mode=\count142
\lst@gtempboxa=\box61
\lst@token=\toks42
\lst@length=\count143
\lst@currlwidth=\dimen188
\lst@column=\count144
\lst@pos=\count145
\lst@lostspace=\dimen189
\lst@width=\dimen190
\lst@newlines=\count146
\lst@lineno=\count147
\lst@maxwidth=\dimen191

("C:\Users\Michael Turner\AppData\Local\Programs\MiKTeX 2.9\tex\latex\listings\
lstmisc.sty"
File: lstmisc.sty 2015/06/04 1.6 (Carsten Heinz)
\c@lstnumber=\count148
\lst@skipnumbers=\count149
\lst@framebox=\box62
)
("C:\Users\Michael Turner\AppData\Local\Programs\MiKTeX 2.9\tex\latex\listings\
listings.cfg"
File: listings.cfg 2015/06/04 1.6 listings configuration
))
Package: listings 2015/06/04 1.6 (Carsten Heinz)

("C:\Users\Michael Turner\AppData\Local\Programs\MiKTeX 2.9\tex\latex\base\inpu
tenc.sty"
Package: inputenc 2015/03/17 v1.2c Input encoding file
\inpenc@prehook=\toks43
\inpenc@posthook=\toks44

("C:\Users\Michael Turner\AppData\Local\Programs\MiKTeX 2.9\tex\latex\base\utf8
.def"
File: utf8.def 2017/01/28 v1.1t UTF-8 support for inputenc
Now handling font encoding OML ...
... no UTF-8 mapping file for font encoding OML
Now handling font encoding T1 ...
... processing UTF-8 mapping file for font encoding T1

("C:\Users\Michael Turner\AppData\Local\Programs\MiKTeX 2.9\tex\latex\base\t1en
c.dfu"
File: t1enc.dfu 2017/01/28 v1.1t UTF-8 support for inputenc
   defining Unicode char U+00A0 (decimal 160)
   defining Unicode char U+00A1 (decimal 161)
   defining Unicode char U+00A3 (decimal 163)
   defining Unicode char U+00AB (decimal 171)
   defining Unicode char U+00AD (decimal 173)
   defining Unicode char U+00BB (decimal 187)
   defining Unicode char U+00BF (decimal 191)
   defining Unicode char U+00C0 (decimal 192)
   defining Unicode char U+00C1 (decimal 193)
   defining Unicode char U+00C2 (decimal 194)
   defining Unicode char U+00C3 (decimal 195)
   defining Unicode char U+00C4 (decimal 196)
   defining Unicode char U+00C5 (decimal 197)
   defining Unicode char U+00C6 (decimal 198)
   defining Unicode char U+00C7 (decimal 199)
   defining Unicode char U+00C8 (decimal 200)
   defining Unicode char U+00C9 (decimal 201)
   defining Unicode char U+00CA (decimal 202)
   defining Unicode char U+00CB (decimal 203)
   defining Unicode char U+00CC (decimal 204)
   defining Unicode char U+00CD (decimal 205)
   defining Unicode char U+00CE (decimal 206)
   defining Unicode char U+00CF (decimal 207)
   defining Unicode char U+00D0 (decimal 208)
   defining Unicode char U+00D1 (decimal 209)
   defining Unicode char U+00D2 (decimal 210)
   defining Unicode char U+00D3 (decimal 211)
   defining Unicode char U+00D4 (decimal 212)
   defining Unicode char U+00D5 (decimal 213)
   defining Unicode char U+00D6 (decimal 214)
   defining Unicode char U+00D8 (decimal 216)
   defining Unicode char U+00D9 (decimal 217)
   defining Unicode char U+00DA (decimal 218)
   defining Unicode char U+00DB (decimal 219)
   defining Unicode char U+00DC (decimal 220)
   defining Unicode char U+00DD (decimal 221)
   defining Unicode char U+00DE (decimal 222)
   defining Unicode char U+00DF (decimal 223)
   defining Unicode char U+00E0 (decimal 224)
   defining Unicode char U+00E1 (decimal 225)
   defining Unicode char U+00E2 (decimal 226)
   defining Unicode char U+00E3 (decimal 227)
   defining Unicode char U+00E4 (decimal 228)
   defining Unicode char U+00E5 (decimal 229)
   defining Unicode char U+00E6 (decimal 230)
   defining Unicode char U+00E7 (decimal 231)
   defining Unicode char U+00E8 (decimal 232)
   defining Unicode char U+00E9 (decimal 233)
   defining Unicode char U+00EA (decimal 234)
   defining Unicode char U+00EB (decimal 235)
   defining Unicode char U+00EC (decimal 236)
   defining Unicode char U+00ED (decimal 237)
   defining Unicode char U+00EE (decimal 238)
   defining Unicode char U+00EF (decimal 239)
   defining Unicode char U+00F0 (decimal 240)
   defining Unicode char U+00F1 (decimal 241)
   defining Unicode char U+00F2 (decimal 242)
   defining Unicode char U+00F3 (decimal 243)
   defining Unicode char U+00F4 (decimal 244)
   defining Unicode char U+00F5 (decimal 245)
   defining Unicode char U+00F6 (decimal 246)
   defining Unicode char U+00F8 (decimal 248)
   defining Unicode char U+00F9 (decimal 249)
   defining Unicode char U+00FA (decimal 250)
   defining Unicode char U+00FB (decimal 251)
   defining Unicode char U+00FC (decimal 252)
   defining Unicode char U+00FD (decimal 253)
   defining Unicode char U+00FE (decimal 254)
   defining Unicode char U+00FF (decimal 255)
   defining Unicode char U+0100 (decimal 256)
   defining Unicode char U+0101 (decimal 257)
   defining Unicode char U+0102 (decimal 258)
   defining Unicode char U+0103 (decimal 259)
   defining Unicode char U+0104 (decimal 260)
   defining Unicode char U+0105 (decimal 261)
   defining Unicode char U+0106 (decimal 262)
   defining Unicode char U+0107 (decimal 263)
   defining Unicode char U+0108 (decimal 264)
   defining Unicode char U+0109 (decimal 265)
   defining Unicode char U+010A (decimal 266)
   defining Unicode char U+010B (decimal 267)
   defining Unicode char U+010C (decimal 268)
   defining Unicode char U+010D (decimal 269)
   defining Unicode char U+010E (decimal 270)
   defining Unicode char U+010F (decimal 271)
   defining Unicode char U+0110 (decimal 272)
   defining Unicode char U+0111 (decimal 273)
   defining Unicode char U+0112 (decimal 274)
   defining Unicode char U+0113 (decimal 275)
   defining Unicode char U+0114 (decimal 276)
   defining Unicode char U+0115 (decimal 277)
   defining Unicode char U+0116 (decimal 278)
   defining Unicode char U+0117 (decimal 279)
   defining Unicode char U+0118 (decimal 280)
   defining Unicode char U+0119 (decimal 281)
   defining Unicode char U+011A (decimal 282)
   defining Unicode char U+011B (decimal 283)
   defining Unicode char U+011C (decimal 284)
   defining Unicode char U+011D (decimal 285)
   defining Unicode char U+011E (decimal 286)
   defining Unicode char U+011F (decimal 287)
   defining Unicode char U+0120 (decimal 288)
   defining Unicode char U+0121 (decimal 289)
   defining Unicode char U+0122 (decimal 290)
   defining Unicode char U+0123 (decimal 291)
   defining Unicode char U+0124 (decimal 292)
   defining Unicode char U+0125 (decimal 293)
   defining Unicode char U+0128 (decimal 296)
   defining Unicode char U+0129 (decimal 297)
   defining Unicode char U+012A (decimal 298)
   defining Unicode char U+012B (decimal 299)
   defining Unicode char U+012C (decimal 300)
   defining Unicode char U+012D (decimal 301)
   defining Unicode char U+012E (decimal 302)
   defining Unicode char U+012F (decimal 303)
   defining Unicode char U+0130 (decimal 304)
   defining Unicode char U+0131 (decimal 305)
   defining Unicode char U+0132 (decimal 306)
   defining Unicode char U+0133 (decimal 307)
   defining Unicode char U+0134 (decimal 308)
   defining Unicode char U+0135 (decimal 309)
   defining Unicode char U+0136 (decimal 310)
   defining Unicode char U+0137 (decimal 311)
   defining Unicode char U+0139 (decimal 313)
   defining Unicode char U+013A (decimal 314)
   defining Unicode char U+013B (decimal 315)
   defining Unicode char U+013C (decimal 316)
   defining Unicode char U+013D (decimal 317)
   defining Unicode char U+013E (decimal 318)
   defining Unicode char U+0141 (decimal 321)
   defining Unicode char U+0142 (decimal 322)
   defining Unicode char U+0143 (decimal 323)
   defining Unicode char U+0144 (decimal 324)
   defining Unicode char U+0145 (decimal 325)
   defining Unicode char U+0146 (decimal 326)
   defining Unicode char U+0147 (decimal 327)
   defining Unicode char U+0148 (decimal 328)
   defining Unicode char U+014A (decimal 330)
   defining Unicode char U+014B (decimal 331)
   defining Unicode char U+014C (decimal 332)
   defining Unicode char U+014D (decimal 333)
   defining Unicode char U+014E (decimal 334)
   defining Unicode char U+014F (decimal 335)
   defining Unicode char U+0150 (decimal 336)
   defining Unicode char U+0151 (decimal 337)
   defining Unicode char U+0152 (decimal 338)
   defining Unicode char U+0153 (decimal 339)
   defining Unicode char U+0154 (decimal 340)
   defining Unicode char U+0155 (decimal 341)
   defining Unicode char U+0156 (decimal 342)
   defining Unicode char U+0157 (decimal 343)
   defining Unicode char U+0158 (decimal 344)
   defining Unicode char U+0159 (decimal 345)
   defining Unicode char U+015A (decimal 346)
   defining Unicode char U+015B (decimal 347)
   defining Unicode char U+015C (decimal 348)
   defining Unicode char U+015D (decimal 349)
   defining Unicode char U+015E (decimal 350)
   defining Unicode char U+015F (decimal 351)
   defining Unicode char U+0160 (decimal 352)
   defining Unicode char U+0161 (decimal 353)
   defining Unicode char U+0162 (decimal 354)
   defining Unicode char U+0163 (decimal 355)
   defining Unicode char U+0164 (decimal 356)
   defining Unicode char U+0165 (decimal 357)
   defining Unicode char U+0168 (decimal 360)
   defining Unicode char U+0169 (decimal 361)
   defining Unicode char U+016A (decimal 362)
   defining Unicode char U+016B (decimal 363)
   defining Unicode char U+016C (decimal 364)
   defining Unicode char U+016D (decimal 365)
   defining Unicode char U+016E (decimal 366)
   defining Unicode char U+016F (decimal 367)
   defining Unicode char U+0170 (decimal 368)
   defining Unicode char U+0171 (decimal 369)
   defining Unicode char U+0172 (decimal 370)
   defining Unicode char U+0173 (decimal 371)
   defining Unicode char U+0174 (decimal 372)
   defining Unicode char U+0175 (decimal 373)
   defining Unicode char U+0176 (decimal 374)
   defining Unicode char U+0177 (decimal 375)
   defining Unicode char U+0178 (decimal 376)
   defining Unicode char U+0179 (decimal 377)
   defining Unicode char U+017A (decimal 378)
   defining Unicode char U+017B (decimal 379)
   defining Unicode char U+017C (decimal 380)
   defining Unicode char U+017D (decimal 381)
   defining Unicode char U+017E (decimal 382)
   defining Unicode char U+01CD (decimal 461)
   defining Unicode char U+01CE (decimal 462)
   defining Unicode char U+01CF (decimal 463)
   defining Unicode char U+01D0 (decimal 464)
   defining Unicode char U+01D1 (decimal 465)
   defining Unicode char U+01D2 (decimal 466)
   defining Unicode char U+01D3 (decimal 467)
   defining Unicode char U+01D4 (decimal 468)
   defining Unicode char U+01E2 (decimal 482)
   defining Unicode char U+01E3 (decimal 483)
   defining Unicode char U+01E6 (decimal 486)
   defining Unicode char U+01E7 (decimal 487)
   defining Unicode char U+01E8 (decimal 488)
   defining Unicode char U+01E9 (decimal 489)
   defining Unicode char U+01EA (decimal 490)
   defining Unicode char U+01EB (decimal 491)
   defining Unicode char U+01F0 (decimal 496)
   defining Unicode char U+01F4 (decimal 500)
   defining Unicode char U+01F5 (decimal 501)
   defining Unicode char U+0218 (decimal 536)
   defining Unicode char U+0219 (decimal 537)
   defining Unicode char U+021A (decimal 538)
   defining Unicode char U+021B (decimal 539)
   defining Unicode char U+0232 (decimal 562)
   defining Unicode char U+0233 (decimal 563)
   defining Unicode char U+1E02 (decimal 7682)
   defining Unicode char U+1E03 (decimal 7683)
   defining Unicode char U+200C (decimal 8204)
   defining Unicode char U+2010 (decimal 8208)
   defining Unicode char U+2011 (decimal 8209)
   defining Unicode char U+2012 (decimal 8210)
   defining Unicode char U+2013 (decimal 8211)
   defining Unicode char U+2014 (decimal 8212)
   defining Unicode char U+2015 (decimal 8213)
   defining Unicode char U+2018 (decimal 8216)
   defining Unicode char U+2019 (decimal 8217)
   defining Unicode char U+201A (decimal 8218)
   defining Unicode char U+201C (decimal 8220)
   defining Unicode char U+201D (decimal 8221)
   defining Unicode char U+201E (decimal 8222)
   defining Unicode char U+2030 (decimal 8240)
   defining Unicode char U+2031 (decimal 8241)
   defining Unicode char U+2039 (decimal 8249)
   defining Unicode char U+203A (decimal 8250)
   defining Unicode char U+2423 (decimal 9251)
   defining Unicode char U+1E20 (decimal 7712)
   defining Unicode char U+1E21 (decimal 7713)
)
Now handling font encoding OT1 ...
... processing UTF-8 mapping file for font encoding OT1

("C:\Users\Michael Turner\AppData\Local\Programs\MiKTeX 2.9\tex\latex\base\ot1e
nc.dfu"
File: ot1enc.dfu 2017/01/28 v1.1t UTF-8 support for inputenc
   defining Unicode char U+00A0 (decimal 160)
   defining Unicode char U+00A1 (decimal 161)
   defining Unicode char U+00A3 (decimal 163)
   defining Unicode char U+00AD (decimal 173)
   defining Unicode char U+00B8 (decimal 184)
   defining Unicode char U+00BF (decimal 191)
   defining Unicode char U+00C5 (decimal 197)
   defining Unicode char U+00C6 (decimal 198)
   defining Unicode char U+00D8 (decimal 216)
   defining Unicode char U+00DF (decimal 223)
   defining Unicode char U+00E6 (decimal 230)
   defining Unicode char U+00EC (decimal 236)
   defining Unicode char U+00ED (decimal 237)
   defining Unicode char U+00EE (decimal 238)
   defining Unicode char U+00EF (decimal 239)
   defining Unicode char U+00F8 (decimal 248)
   defining Unicode char U+0131 (decimal 305)
   defining Unicode char U+0141 (decimal 321)
   defining Unicode char U+0142 (decimal 322)
   defining Unicode char U+0152 (decimal 338)
   defining Unicode char U+0153 (decimal 339)
   defining Unicode char U+0174 (decimal 372)
   defining Unicode char U+0175 (decimal 373)
   defining Unicode char U+0176 (decimal 374)
   defining Unicode char U+0177 (decimal 375)
   defining Unicode char U+0218 (decimal 536)
   defining Unicode char U+0219 (decimal 537)
   defining Unicode char U+021A (decimal 538)
   defining Unicode char U+021B (decimal 539)
   defining Unicode char U+2013 (decimal 8211)
   defining Unicode char U+2014 (decimal 8212)
   defining Unicode char U+2018 (decimal 8216)
   defining Unicode char U+2019 (decimal 8217)
   defining Unicode char U+201C (decimal 8220)
   defining Unicode char U+201D (decimal 8221)
)
Now handling font encoding OMS ...
... processing UTF-8 mapping file for font encoding OMS

("C:\Users\Michael Turner\AppData\Local\Programs\MiKTeX 2.9\tex\latex\base\omse
nc.dfu"
File: omsenc.dfu 2017/01/28 v1.1t UTF-8 support for inputenc
   defining Unicode char U+00A7 (decimal 167)
   defining Unicode char U+00B6 (decimal 182)
   defining Unicode char U+00B7 (decimal 183)
   defining Unicode char U+2020 (decimal 8224)
   defining Unicode char U+2021 (decimal 8225)
   defining Unicode char U+2022 (decimal 8226)
)
Now handling font encoding OMX ...
... no UTF-8 mapping file for font encoding OMX
Now handling font encoding U ...
... no UTF-8 mapping file for font encoding U
Now handling font encoding PD1 ...
... no UTF-8 mapping file for font encoding PD1
   defining Unicode char U+00A9 (decimal 169)
   defining Unicode char U+00AA (decimal 170)
   defining Unicode char U+00AE (decimal 174)
   defining Unicode char U+00BA (decimal 186)
   defining Unicode char U+02C6 (decimal 710)
   defining Unicode char U+02DC (decimal 732)
   defining Unicode char U+200C (decimal 8204)
   defining Unicode char U+2026 (decimal 8230)
   defining Unicode char U+2122 (decimal 8482)
   defining Unicode char U+2423 (decimal 9251)
))
("C:\Users\Michael Turner\AppData\Local\Programs\MiKTeX 2.9\tex\latex\tcolorbox
\tcolorbox.sty"
Package: tcolorbox 2018/03/22 version 4.13 text color boxes

("C:\Users\Michael Turner\AppData\Local\Programs\MiKTeX 2.9\tex\latex\tools\ver
batim.sty"
Package: verbatim 2014/10/28 v1.5q LaTeX2e package for verbatim enhancements
\every@verbatim=\toks45
\verbatim@line=\toks46
\verbatim@in@stream=\read2
)
("C:\Users\Michael Turner\AppData\Local\Programs\MiKTeX 2.9\tex\latex\environ\e
nviron.sty"
Package: environ 2014/05/04 v0.3 A new way to define environments

("C:\Users\Michael Turner\AppData\Local\Programs\MiKTeX 2.9\tex\latex\trimspace
s\trimspaces.sty"
Package: trimspaces 2009/09/17 v1.1 Trim spaces around a token list
))
("C:\Users\Michael Turner\AppData\Local\Programs\MiKTeX 2.9\tex\latex\etoolbox\
etoolbox.sty"
Package: etoolbox 2018/02/11 v2.5e e-TeX tools for LaTeX (JAW)
\etb@tempcnta=\count150
)
\tcb@titlebox=\box63
\tcb@upperbox=\box64
\tcb@lowerbox=\box65
\tcb@phantombox=\box66
\c@tcbbreakpart=\count151
\c@tcblayer=\count152
\tcolorbox@number=\count153
\tcb@temp=\box67
\tcb@temp=\box68
\tcb@temp=\box69
\tcb@temp=\box70
\tcb@out=\write4
\tcb@record@out=\write5
)
\c@nalg=\count154
Package hyperref Info: Option `colorlinks' set `true' on input line 72.
\c@theorem=\count155
 ("Math Project Year 4.aux")
\openout1 = `"Math Project Year 4.aux"'.

LaTeX Font Info:    Checking defaults for OML/cmm/m/it on input line 114.
LaTeX Font Info:    ... okay on input line 114.
LaTeX Font Info:    Checking defaults for T1/cmr/m/n on input line 114.
LaTeX Font Info:    ... okay on input line 114.
LaTeX Font Info:    Checking defaults for OT1/cmr/m/n on input line 114.
LaTeX Font Info:    ... okay on input line 114.
LaTeX Font Info:    Checking defaults for OMS/cmsy/m/n on input line 114.
LaTeX Font Info:    ... okay on input line 114.
LaTeX Font Info:    Checking defaults for OMX/cmex/m/n on input line 114.
LaTeX Font Info:    ... okay on input line 114.
LaTeX Font Info:    Checking defaults for U/cmr/m/n on input line 114.
LaTeX Font Info:    ... okay on input line 114.
LaTeX Font Info:    Checking defaults for PD1/pdf/m/n on input line 114.
LaTeX Font Info:    ... okay on input line 114.

ABD: EveryShipout initializing macros
("C:\Users\Michael Turner\AppData\Local\Programs\MiKTeX 2.9\tex\context\base\su
pp-pdf.mkii"
[Loading MPS to PDF converter (version 2006.09.02).]
\scratchcounter=\count156
\scratchdimen=\dimen192
\scratchbox=\box71
\nofMPsegments=\count157
\nofMParguments=\count158
\everyMPshowfont=\toks47
\MPscratchCnt=\count159
\MPscratchDim=\dimen193
\MPnumerator=\count160
\makeMPintoPDFobject=\count161
\everyMPtoPDFconversion=\toks48
)
("C:\Users\Michael Turner\AppData\Local\Programs\MiKTeX 2.9\tex\latex\oberdiek\
epstopdf-base.sty"
Package: epstopdf-base 2016/05/15 v2.6 Base part for package epstopdf

("C:\Users\Michael Turner\AppData\Local\Programs\MiKTeX 2.9\tex\latex\oberdiek\
grfext.sty"
Package: grfext 2016/05/16 v1.2 Manage graphics extensions (HO)
)
Package epstopdf-base Info: Redefining graphics rule for `.eps' on input line 4
38.
Package grfext Info: Graphics extension search list:
(grfext)             [.pdf,.png,.jpg,.mps,.jpeg,.jbig2,.jb2,.PDF,.PNG,.JPG,.JPE
G,.JBIG2,.JB2,.eps]
(grfext)             \AppendGraphicsExtensions on input line 456.
)
LaTeX Info: Redefining \microtypecontext on input line 114.
Package microtype Info: Generating PDF output.
Package microtype Info: Character protrusion enabled (level 2).
Package microtype Info: Using default protrusion set `alltext'.
Package microtype Info: Automatic font expansion enabled (level 2),
(microtype)             stretch: 20, shrink: 20, step: 1, non-selected.
Package microtype Info: Using default expansion set `basictext'.
Package microtype Info: No adjustment of tracking.
Package microtype Info: No adjustment of interword spacing.
Package microtype Info: No adjustment of character kerning.

("C:\Users\Michael Turner\AppData\Local\Programs\MiKTeX 2.9\tex\latex\microtype
\mt-cmr.cfg"
File: mt-cmr.cfg 2013/05/19 v2.2 microtype config. file: Computer Modern Roman 
(RS)
)
\AtBeginShipoutBox=\box72
Package hyperref Info: Link coloring ON on input line 114.

("C:\Users\Michael Turner\AppData\Local\Programs\MiKTeX 2.9\tex\latex\hyperref\
nameref.sty"
Package: nameref 2016/05/21 v2.44 Cross-referencing by name of section

("C:\Users\Michael Turner\AppData\Local\Programs\MiKTeX 2.9\tex\generic\oberdie
k\gettitlestring.sty"
Package: gettitlestring 2016/05/16 v1.5 Cleanup title references (HO)
)
\c@section@level=\count162
)
LaTeX Info: Redefining \ref on input line 114.
LaTeX Info: Redefining \pageref on input line 114.
LaTeX Info: Redefining \nameref on input line 114.
 ("Math Project Year 4.out") ("Math Project Year 4.out")
\@outlinefile=\write6
\openout6 = `"Math Project Year 4.out"'.

Package caption Info: Begin \AtBeginDocument code.
Package caption Info: float package is loaded.
Package caption Info: listings package is loaded.
Package caption Info: End \AtBeginDocument code.
\c@lstlisting=\count163
<HullShield.pdf, id=114, 260.975pt x 260.975pt>
File: HullShield.pdf Graphic file (type pdf)
<use HullShield.pdf>
Package pdftex.def Info: HullShield.pdf  used on input line 139.
(pdftex.def)             Requested size: 179.22676pt x 179.22873pt.
LaTeX Font Info:    Try loading font information for U+msa on input line 145.

("C:\Users\Michael Turner\AppData\Local\Programs\MiKTeX 2.9\tex\latex\amsfonts\
umsa.fd"
File: umsa.fd 2013/01/14 v3.01 AMS symbols A
)
("C:\Users\Michael Turner\AppData\Local\Programs\MiKTeX 2.9\tex\latex\microtype
\mt-msa.cfg"
File: mt-msa.cfg 2006/02/04 v1.1 microtype config. file: AMS symbols (a) (RS)
)
LaTeX Font Info:    Try loading font information for U+msb on input line 145.

("C:\Users\Michael Turner\AppData\Local\Programs\MiKTeX 2.9\tex\latex\amsfonts\
umsb.fd"
File: umsb.fd 2013/01/14 v3.01 AMS symbols B
)
("C:\Users\Michael Turner\AppData\Local\Programs\MiKTeX 2.9\tex\latex\microtype
\mt-msb.cfg"
File: mt-msb.cfg 2005/06/01 v1.0 microtype config. file: AMS symbols (b) (RS)
) [1

{C:/Users/Michael Turner/AppData/Local/MiKTeX/2.9/pdftex/config/pdftex.map} <./
HullShield.pdf>] [2] ("Math Project Year 4.toc")
\tf@toc=\write7
\openout7 = `"Math Project Year 4.toc"'.

 [3

]
Chapter 1.
[4

] [5]
LaTeX Font Info:    Try loading font information for OMS+cmr on input line 228.


("C:\Users\Michael Turner\AppData\Local\Programs\MiKTeX 2.9\tex\latex\base\omsc
mr.fd"
File: omscmr.fd 2014/09/29 v2.5h Standard LaTeX font definitions
)
LaTeX Font Info:    Font shape `OMS/cmr/m/n' in size <12> not available
(Font)              Font shape `OMS/cmsy/m/n' tried instead on input line 228.
 [6]
<NormalDistribution.png, id=192, 520.94624pt x 380.17032pt>
File: NormalDistribution.png Graphic file (type png)
<use NormalDistribution.png>
Package pdftex.def Info: NormalDistribution.png  used on input line 255.
(pdftex.def)             Requested size: 310.76122pt x 226.78134pt.
 [7 <./NormalDistribution.png>] [8] [9] [10]
Package microtype Info: Loading generic protrusion settings for font family
(microtype)             `cmtt' (encoding: OT1).
(microtype)             For optimal results, create family-specific settings.
(microtype)             See the microtype manual for details.
 [11]
Chapter 2.
LaTeX Font Info:    Font shape `OMS/cmr/m/it' in size <12> not available
(Font)              Font shape `OMS/cmsy/m/n' tried instead on input line 461.
[12

]
<exact.pdf, id=253, 547.04375pt x 288.07625pt>
File: exact.pdf Graphic file (type pdf)
<use exact.pdf>
Package pdftex.def Info: exact.pdf  used on input line 502.
(pdftex.def)             Requested size: 310.76122pt x 163.6513pt.
 [13]
<200wiggly.pdf, id=261, 547.04375pt x 288.07625pt>
File: 200wiggly.pdf Graphic file (type pdf)
<use 200wiggly.pdf>
Package pdftex.def Info: 200wiggly.pdf  used on input line 510.
(pdftex.def)             Requested size: 310.76122pt x 163.6513pt.
<200approx.pdf, id=264, 547.04375pt x 288.07625pt>
File: 200approx.pdf Graphic file (type pdf)
<use 200approx.pdf>
Package pdftex.def Info: 200approx.pdf  used on input line 518.
(pdftex.def)             Requested size: 310.76122pt x 163.6513pt.
 [14 <./exact.pdf> <./200wiggly.pdf>]
<200point.pdf, id=282, 547.04375pt x 288.07625pt>
File: 200point.pdf Graphic file (type pdf)
<use 200point.pdf>
Package pdftex.def Info: 200point.pdf  used on input line 526.
(pdftex.def)             Requested size: 310.76122pt x 163.6513pt.
 [15 <./200approx.pdf> <./200point.pdf>]
<Lostsamples.pdf, id=303, 732.7375pt x 409.53pt>
File: Lostsamples.pdf Graphic file (type pdf)
<use Lostsamples.pdf>
Package pdftex.def Info: Lostsamples.pdf  used on input line 549.
(pdftex.def)             Requested size: 310.76122pt x 173.68863pt.
 [16 <./Lostsamples.pdf>]
<Recapture.pdf, id=318, 732.7375pt x 409.53pt>
File: Recapture.pdf Graphic file (type pdf)
<use Recapture.pdf>
Package pdftex.def Info: Recapture.pdf  used on input line 598.
(pdftex.def)             Requested size: 310.76122pt x 173.68863pt.
 [17]
<muwiggly2.pdf, id=327, 732.7375pt x 409.53pt>
File: muwiggly2.pdf Graphic file (type pdf)
<use muwiggly2.pdf>
Package pdftex.def Info: muwiggly2.pdf  used on input line 612.
(pdftex.def)             Requested size: 216.81pt x 121.17273pt.
<phiwiggly2.pdf, id=328, 732.7375pt x 409.53pt>
File: phiwiggly2.pdf Graphic file (type pdf)
<use phiwiggly2.pdf>
Package pdftex.def Info: phiwiggly2.pdf  used on input line 618.
(pdftex.def)             Requested size: 216.81pt x 121.17273pt.
<muhist2.pdf, id=329, 732.7375pt x 409.53pt>
File: muhist2.pdf Graphic file (type pdf)
<use muhist2.pdf>
Package pdftex.def Info: muhist2.pdf  used on input line 623.
(pdftex.def)             Requested size: 209.58255pt x 117.13593pt.
<phihist2.pdf, id=330, 732.7375pt x 409.53pt>
File: phihist2.pdf Graphic file (type pdf)
<use phihist2.pdf>
Package pdftex.def Info: phihist2.pdf  used on input line 628.
(pdftex.def)             Requested size: 209.58255pt x 117.13593pt.

Overfull \hbox (2.61107pt too wide) in paragraph at lines 609--631
[][] []
 []


Overfull \hbox (2.61107pt too wide) in paragraph at lines 609--631
[] [] 
 []

[18 <./Recapture.pdf>]
<ellipse2.pdf, id=344, 732.7375pt x 409.53pt>
File: ellipse2.pdf Graphic file (type pdf)
<use ellipse2.pdf>
Package pdftex.def Info: ellipse2.pdf  used on input line 648.
(pdftex.def)             Requested size: 310.76122pt x 173.68863pt.
 [19 <./muwiggly2.pdf> <./phiwiggly2.pdf> <./muhist2.pdf> <./phihist2.pdf>]
<Finalmosquito.pdf, id=376, 732.7375pt x 409.53pt>
File: Finalmosquito.pdf Graphic file (type pdf)
<use Finalmosquito.pdf>
Package pdftex.def Info: Finalmosquito.pdf  used on input line 656.
(pdftex.def)             Requested size: 310.76122pt x 173.68863pt.
 [20 <./ellipse2.pdf> <./Finalmosquito.pdf>]
Chapter 3.
<Metropolispath.pdf, id=405, 732.7375pt x 409.53pt>
File: Metropolispath.pdf Graphic file (type pdf)
<use Metropolispath.pdf>
Package pdftex.def Info: Metropolispath.pdf  used on input line 684.
(pdftex.def)             Requested size: 310.76122pt x 173.68863pt.
[21

] [22 <./Metropolispath.pdf>]
<Gibbspath.pdf, id=428, 732.7375pt x 409.53pt>
File: Gibbspath.pdf Graphic file (type pdf)
<use Gibbspath.pdf>
Package pdftex.def Info: Gibbspath.pdf  used on input line 720.
(pdftex.def)             Requested size: 310.76122pt x 173.68863pt.
<Gibbsbad.pdf, id=430, 732.7375pt x 409.53pt>
File: Gibbsbad.pdf Graphic file (type pdf)
<use Gibbsbad.pdf>
Package pdftex.def Info: Gibbsbad.pdf  used on input line 727.
(pdftex.def)             Requested size: 310.76122pt x 173.68863pt.
 [23 <./Gibbspath.pdf>]
Overfull \hbox (2.8373pt too wide) in paragraph at lines 742--742
 [][][][]\OT1/cmr/m/n/12 (-20) Sprinkler 
 []


Overfull \hbox (5.87494pt too wide) detected at line 764
$\OML/cmm/m/it/12 :\OT1/cmr/m/n/12 10$ 
 []


Overfull \hbox (5.87494pt too wide) detected at line 765
$\OML/cmm/m/it/12 :\OT1/cmr/m/n/12 50$ 
 []


Overfull \hbox (5.87494pt too wide) detected at line 775
$\OML/cmm/m/it/12 :\OT1/cmr/m/n/12 80$ 
 []


Overfull \hbox (5.87494pt too wide) detected at line 776
$\OML/cmm/m/it/12 :\OT1/cmr/m/n/12 20$ 
 []

[24 <./Gibbsbad.pdf>]
("C:\Users\Michael Turner\AppData\Local\Programs\MiKTeX 2.9\tex\latex\listings\
lstlang1.sty"
File: lstlang1.sty 2015/06/04 1.6 listings language file
)
("C:\Users\Michael Turner\AppData\Local\Programs\MiKTeX 2.9\tex\latex\listings\
lstlang2.sty"
File: lstlang2.sty 2015/06/04 1.6 listings language file
)
("C:\Users\Michael Turner\AppData\Local\Programs\MiKTeX 2.9\tex\latex\listings\
lstlang3.sty"
File: lstlang3.sty 2015/06/04 1.6 listings language file
)
Package hyperref Info: bookmark level for unknown lstlisting defaults to 0 on i
nput line 812.
 [25] [26]
<CHist.pdf, id=500, 732.7375pt x 409.53pt>
File: CHist.pdf Graphic file (type pdf)
<use CHist.pdf>
Package pdftex.def Info: CHist.pdf  used on input line 872.
(pdftex.def)             Requested size: 209.58255pt x 117.13593pt.
<RHist.pdf, id=501, 732.7375pt x 409.53pt>
File: RHist.pdf Graphic file (type pdf)
<use RHist.pdf>
Package pdftex.def Info: RHist.pdf  used on input line 878.
(pdftex.def)             Requested size: 209.58255pt x 117.13593pt.

Overfull \hbox (2.61107pt too wide) in paragraph at lines 869--881
[][] [] 
 []

<Gibbsfinal.pdf, id=504, 732.7375pt x 409.53pt>
File: Gibbsfinal.pdf Graphic file (type pdf)
<use Gibbsfinal.pdf>
Package pdftex.def Info: Gibbsfinal.pdf  used on input line 897.
(pdftex.def)             Requested size: 310.76122pt x 173.68863pt.
[27 <./CHist.pdf> <./RHist.pdf>] [28 <./Gibbsfinal.pdf>]
Chapter 4.
[29

] [30] [31] [32] [33] [34] [35] [36]
Overfull \hbox (4.67743pt too wide) detected at line 1210
[]
 []

[37]
<GaussianNB.png, id=601, 462.528pt x 345.78415pt>
File: GaussianNB.png Graphic file (type png)
<use GaussianNB.png>
Package pdftex.def Info: GaussianNB.png  used on input line 1229.
(pdftex.def)             Requested size: 310.76122pt x 232.3337pt.
 [38 <./GaussianNB.png>] [39] ("Math Project Year 4.bbl" [40

]) [41

]
Appendix A.
[42

] [43] [44]
Package atveryend Info: Empty hook `BeforeClearDocument' on input line 1540.
Package atveryend Info: Empty hook `AfterLastShipout' on input line 1540.
 ("Math Project Year 4.aux")
Package atveryend Info: Executing hook `AtVeryEndDocument' on input line 1540.
Package atveryend Info: Executing hook `AtEndAfterFileList' on input line 1540.

Package rerunfilecheck Info: File `"Math Project Year 4".out' has not changed.
(rerunfilecheck)             Checksum: 457178BF8FF419E639AE13CAF1394CE0;1914.
Package atveryend Info: Empty hook `AtVeryVeryEnd' on input line 1540.
 ) 
Here is how much of TeX's memory you used:
 26716 strings out of 493303
 518753 string characters out of 3125867
 667697 words of memory out of 3000000
 29510 multiletter control sequences out of 15000+200000
 24320 words of font info for 136 fonts, out of 3000000 for 9000
 1141 hyphenation exceptions out of 8191
 48i,18n,73p,1040b,1884s stack positions out of 5000i,500n,10000p,200000b,50000s
<C:/Users/Michael Turner/AppData/Local/Programs/MiKTeX 2.9/fonts/type1/public
/amsfonts/cm/cmbx12.pfb><C:/Users/Michael Turner/AppData/Local/Programs/MiKTeX 
2.9/fonts/type1/public/amsfonts/cm/cmbxti10.pfb><C:/Users/Michael Turner/AppDat
a/Local/Programs/MiKTeX 2.9/fonts/type1/public/amsfonts/cm/cmex10.pfb><C:/Users
/Michael Turner/AppData/Local/Programs/MiKTeX 2.9/fonts/type1/public/amsfonts/c
m/cmmi12.pfb><C:/Users/Michael Turner/AppData/Local/Programs/MiKTeX 2.9/fonts/t
ype1/public/amsfonts/cm/cmmi6.pfb><C:/Users/Michael Turner/AppData/Local/Progra
ms/MiKTeX 2.9/fonts/type1/public/amsfonts/cm/cmmi8.pfb><C:/Users/Michael Turner
/AppData/Local/Programs/MiKTeX 2.9/fonts/type1/public/amsfonts/cm/cmmib10.pfb><
C:/Users/Michael Turner/AppData/Local/Programs/MiKTeX 2.9/fonts/type1/public/am
sfonts/cm/cmr12.pfb><C:/Users/Michael Turner/AppData/Local/Programs/MiKTeX 2.9/
fonts/type1/public/amsfonts/cm/cmr17.pfb><C:/Users/Michael Turner/AppData/Local
/Programs/MiKTeX 2.9/fonts/type1/public/amsfonts/cm/cmr6.pfb><C:/Users/Michael 
Turner/AppData/Local/Programs/MiKTeX 2.9/fonts/type1/public/amsfonts/cm/cmr8.pf
b><C:/Users/Michael Turner/AppData/Local/Programs/MiKTeX 2.9/fonts/type1/public
/amsfonts/cm/cmsy10.pfb><C:/Users/Michael Turner/AppData/Local/Programs/MiKTeX 
2.9/fonts/type1/public/amsfonts/cm/cmsy6.pfb><C:/Users/Michael Turner/AppData/L
ocal/Programs/MiKTeX 2.9/fonts/type1/public/amsfonts/cm/cmsy8.pfb><C:/Users/Mic
hael Turner/AppData/Local/Programs/MiKTeX 2.9/fonts/type1/public/amsfonts/cm/cm
ti12.pfb><C:/Users/Michael Turner/AppData/Local/Programs/MiKTeX 2.9/fonts/type1
/public/amsfonts/cm/cmtt12.pfb><C:/Users/Michael Turner/AppData/Local/Programs/
MiKTeX 2.9/fonts/type1/public/amsfonts/symbols/msbm10.pfb>
Output written on "Math Project Year 4.pdf" (44 pages, 775663 bytes).
PDF statistics:
 740 PDF objects out of 1000 (max. 8388607)
 171 named destinations out of 1000 (max. 500000)
 19790 words of extra memory for PDF output out of 20736 (max. 10000000)

