\BOOKMARK [0][-]{chapter.1}{Introduction}{}% 1
\BOOKMARK [1][-]{section.1.1}{The Frequentist Vs The Bayesian}{chapter.1}% 2
\BOOKMARK [1][-]{section.1.2}{Conditional Probability}{chapter.1}% 3
\BOOKMARK [2][-]{subsection.1.2.1}{The Prior, Likelihood and Posterior}{section.1.2}% 4
\BOOKMARK [1][-]{section.1.3}{Tricky Denominators}{chapter.1}% 5
\BOOKMARK [1][-]{section.1.4}{Markov Chains}{chapter.1}% 6
\BOOKMARK [2][-]{subsection.1.4.1}{What's for dinner?}{section.1.4}% 7
\BOOKMARK [1][-]{section.1.5}{Coding}{chapter.1}% 8
\BOOKMARK [0][-]{chapter.2}{Metropolis Algorithms}{}% 9
\BOOKMARK [1][-]{section.2.1}{Random Walk Metropolis}{chapter.2}% 10
\BOOKMARK [2][-]{subsection.2.1.1}{A Stroll Through a Strange Park}{section.2.1}% 11
\BOOKMARK [1][-]{section.2.2}{Metropolis Hastings}{chapter.2}% 12
\BOOKMARK [2][-]{subsection.2.2.1}{The Lifespan of a Monster}{section.2.2}% 13
\BOOKMARK [0][-]{chapter.3}{Gibbs \046 Bayesian Networks}{}% 14
\BOOKMARK [1][-]{section.3.1}{The Gibbs Sampler}{chapter.3}% 15
\BOOKMARK [2][-]{subsection.3.1.1}{Crime \046 Unemployment}{section.3.1}% 16
\BOOKMARK [2][-]{subsection.3.1.2}{Why Is the Grass Wet?}{section.3.1}% 17
\BOOKMARK [0][-]{chapter.4}{Applications of Machine Learning}{}% 18
\BOOKMARK [1][-]{section.4.1}{Na\357ve Bayesian Algorithm}{chapter.4}% 19
\BOOKMARK [1][-]{section.4.2}{Binary Classification}{chapter.4}% 20
\BOOKMARK [2][-]{subsection.4.2.1}{To Play or not to Play}{section.4.2}% 21
\BOOKMARK [2][-]{subsection.4.2.2}{Is It Too Hot, or Too Cloudy, or Both to Play Ball?}{section.4.2}% 22
\BOOKMARK [2][-]{subsection.4.2.3}{Scikit-Learn}{section.4.2}% 23
\BOOKMARK [2][-]{subsection.4.2.4}{Politics or Sports}{section.4.2}% 24
\BOOKMARK [1][-]{section.4.3}{Multiple Classification}{chapter.4}% 25
\BOOKMARK [2][-]{subsection.4.3.1}{Is This Wine Locally Sourced}{section.4.3}% 26
\BOOKMARK [0][-]{appendix.A}{Tables}{}% 27
